
Welcome to Gradle 9.4.1!

Here are the highlights of this release:
 - Java 26 support
 - Non-class-based JVM tests
 - Enhanced console progress bar

For more details see https://docs.gradle.org/9.4.1/release-notes.html

Starting a Gradle Daemon (subsequent builds will be faster)
> Task :app:preBuild UP-TO-DATE
> Task :app:preDebugBuild UP-TO-DATE
> Task :app:mergeDebugNativeDebugMetadata NO-SOURCE
> Task :app:generateDebugResources
> Task :app:processDebugGoogleServices
> Task :app:packageDebugResources
> Task :app:processDebugNavigationResources
> Task :app:generateDebugAssets UP-TO-DATE
> Task :app:javaPreCompileDebug
> Task :app:mergeDebugAssets
> Task :app:compressDebugAssets
> Task :app:parseDebugLocalResources
> Task :app:generateDebugGlobalSynthetics
> Task :app:generateDebugRFile
> Task :app:checkDebugDuplicateClasses
> Task :app:desugarDebugFileDependencies
> Task :app:mergeLibDexDebug
> Task :app:mapDebugSourceSetPaths
> Task :app:checkDebugAarMetadata
> Task :app:compileDebugNavigationResources
> Task :app:createDebugCompatibleScreenManifests
> Task :app:extractDeepLinksDebug
> Task :app:processDebugMainManifest
> Task :app:processDebugManifest
> Task :app:processDebugManifestForPackage
> Task :app:mergeDebugJniLibFolders
> Task :app:mergeDebugResources
> Task :app:mergeDebugNativeLibs
> Task :app:processDebugResources
> Task :app:validateSigningDebug
> Task :app:writeDebugAppMetadata
> Task :app:writeDebugSigningConfigVersions
> Task :app:stripDebugDebugSymbols
> Task :app:mergeExtDexDebug

> Task :app:compileDebugKotlin FAILED
e: file:///home/runner/work/SubTracker/SubTracker/app/src/main/java/com/example/trackifyv1/models/SubscriptionViewModel.kt:79:38 Unresolved reference 'toast'.
e: file:///home/runner/work/SubTracker/SubTracker/app/src/main/java/com/example/trackifyv1/models/SubscriptionViewModel.kt:81:67 Unresolved reference 'toast'.
e: file:///home/runner/work/SubTracker/SubTracker/app/src/main/java/com/example/trackifyv1/models/SubscriptionViewModel.kt:82:67 Unresolved reference 'toast'.
e: file:///home/runner/work/SubTracker/SubTracker/app/src/main/java/com/example/trackifyv1/models/SubscriptionViewModel.kt:83:67 Unresolved reference 'toast'.
e: file:///home/runner/work/SubTracker/SubTracker/app/src/main/java/com/example/trackifyv1/models/SubscriptionViewModel.kt:84:67 Unresolved reference 'toast'.
e: file:///home/runner/work/SubTracker/SubTracker/app/src/main/java/com/example/trackifyv1/models/SubscriptionViewModel.kt:86:43 Unresolved reference 'toast'.
e: file:///home/runner/work/SubTracker/SubTracker/app/src/main/java/com/example/trackifyv1/models/SubscriptionViewModel.kt:101:17 Unresolved reference 'toast'.
e: file:///home/runner/work/SubTracker/SubTracker/app/src/main/java/com/example/trackifyv1/models/SubscriptionViewModel.kt:105:17 Unresolved reference 'toast'.
e: file:///home/runner/work/SubTracker/SubTracker/app/src/main/java/com/example/trackifyv1/models/SubscriptionViewModel.kt:116:32 Unresolved reference 'toast'.
e: file:///home/runner/work/SubTracker/SubTracker/app/src/main/java/com/example/trackifyv1/models/SubscriptionViewModel.kt:133:21 Unresolved reference 'toast'.
e: file:///home/runner/work/SubTracker/SubTracker/app/src/main/java/com/example/trackifyv1/models/SubscriptionViewModel.kt:136:53 Unresolved reference 'toast'.
e: file:///home/runner/work/SubTracker/SubTracker/app/src/main/java/com/example/trackifyv1/models/SubscriptionViewModel.kt:178:13 Unresolved reference 'toast'.
e: file:///home/runner/work/SubTracker/SubTracker/app/src/main/java/com/example/trackifyv1/models/SubscriptionViewModel.kt:193:31 Unresolved reference 'toast'.
e: file:///home/runner/work/SubTracker/SubTracker/app/src/main/java/com/example/trackifyv1/models/SubscriptionViewModel.kt:204:104 Unresolved reference 'nl'.
e: file:///home/runner/work/SubTracker/SubTracker/app/src/main/java/com/example/trackifyv1/models/SubscriptionViewModel.kt:208:51 Unresolved reference 'e'.
e: file:///home/runner/work/SubTracker/SubTracker/app/src/main/java/com/example/trackifyv1/models/SubscriptionViewModel.kt:208:60 Unresolved reference 'e'.
e: file:///home/runner/work/SubTracker/SubTracker/app/src/main/java/com/example/trackifyv1/models/SubscriptionViewModel.kt:211:34 Unresolved reference 'q'.
e: file:///home/runner/work/SubTracker/SubTracker/app/src/main/java/com/example/trackifyv1/models/SubscriptionViewModel.kt:211:38 Unresolved reference 'sub'.
e: file:///home/runner/work/SubTracker/SubTracker/app/src/main/java/com/example/trackifyv1/models/SubscriptionViewModel.kt:211:61 Unresolved reference 'q'.
e: file:///home/runner/work/SubTracker/SubTracker/app/src/main/java/com/example/trackifyv1/models/SubscriptionViewModel.kt:211:66 Unresolved reference 'sub'.
e: file:///home/runner/work/SubTracker/SubTracker/app/src/main/java/com/example/trackifyv1/models/SubscriptionViewModel.kt:211:92 Unresolved reference 'sub'.
e: file:///home/runner/work/SubTracker/SubTracker/app/src/main/java/com/example/trackifyv1/models/SubscriptionViewModel.kt:211:112 Unresolved reference 'q'.
e: file:///home/runner/work/SubTracker/SubTracker/app/src/main/java/com/example/trackifyv1/models/SubscriptionViewModel.kt:211:116 Unresolved reference 'sub'.
e: file:///home/runner/work/SubTracker/SubTracker/app/src/main/java/com/example/trackifyv1/models/SubscriptionViewModel.kt:211:131 Unresolved reference 'q'.
e: file:///home/runner/work/SubTracker/SubTracker/app/src/main/java/com/example/trackifyv1/models/SubscriptionViewModel.kt:211:136 Unresolved reference 'sub'.
e: file:///home/runner/work/SubTracker/SubTracker/app/src/main/java/com/example/trackifyv1/models/SubscriptionViewModel.kt:211:160 Unresolved reference 'sub'.
e: file:///home/runner/work/SubTracker/SubTracker/app/src/main/java/com/example/trackifyv1/models/SubscriptionViewModel.kt:211:178 Unresolved reference 'status'.
e: file:///home/runner/work/SubTracker/SubTracker/app/src/main/java/com/example/trackifyv1/models/SubscriptionViewModel.kt:211:188 Unresolved reference 'trial'.
e: file:///home/runner/work/SubTracker/SubTracker/app/src/main/java/com/example/trackifyv1/models/SubscriptionViewModel.kt:211:197 Unresolved reference 'sub'.
e: file:///home/runner/work/SubTracker/SubTracker/app/src/main/java/com/example/trackifyv1/models/SubscriptionViewModel.kt:211:217 Unresolved reference 'q'.
e: file:///home/runner/work/SubTracker/SubTracker/app/src/main/java/com/example/trackifyv1/models/SubscriptionViewModel.kt:211:221 Unresolved reference 'history'.
e: file:///home/runner/work/SubTracker/SubTracker/app/src/main/java/com/example/trackifyv1/models/SubscriptionViewModel.kt:211:231 Unresolved reference 'q'.
e: file:///home/runner/work/SubTracker/SubTracker/app/src/main/java/com/example/trackifyv1/models/SubscriptionViewModel.kt:211:234 Unresolved reference 'nl'.
e: file:///home/runner/work/SubTracker/SubTracker/app/src/main/java/com/example/trackifyv1/models/SubscriptionViewModel.kt:228:46 Unresolved reference 'e'.
e: file:///home/runner/work/SubTracker/SubTracker/app/src/main/java/com/example/trackifyv1/models/SubscriptionViewModel.kt:233:1 Syntax error: Expecting '"'.
e: file:///home/runner/work/SubTracker/SubTracker/app/src/main/java/com/example/trackifyv1/ui/theme/screens/profile/profile.kt:3:36 Conflicting import: imported name 'BorderStroke' is ambiguous.
e: file:///home/runner/work/SubTracker/SubTracker/app/src/main/java/com/example/trackifyv1/ui/theme/screens/profile/profile.kt:13:36 Conflicting import: imported name 'BorderStroke' is ambiguous.
e: file:///home/runner/work/SubTracker/SubTracker/app/src/main/java/com/example/trackifyv1/ui/theme/screens/profile/profile.kt:60:9 Conflicting declarations:
local val subscriptions: List<SubscriptionModel>
local val subscriptions: List<SubscriptionModel>
e: file:///home/runner/work/SubTracker/SubTracker/app/src/main/java/com/example/trackifyv1/ui/theme/screens/profile/profile.kt:71:9 Conflicting declarations:
local val subscriptions: List<SubscriptionModel>
local val subscriptions: List<SubscriptionModel>

FAILURE: Build failed with an exception.

* What went wrong:
Execution failed for task ':app:compileDebugKotlin'.
> A failure occurred while executing org.jetbrains.kotlin.compilerRunner.GradleCompilerRunnerWithWorkers$GradleKotlinCompilerWorkAction
   > Compilation error. See log for more details

* Try:
> Run with --stacktrace option to get the stack trace.
> Run with --info or --debug option to get more log output.
> Run with --scan to get full insights from a Build Scan (powered by Develocity).
> Get more help at https://help.gradle.org.

BUILD FAILED in 37s
31 actionable tasks: 31 executed
